<?xml version="1.0" encoding="UTF-8"?>
<!-- Generated by org.testng.reporters.JUnitXMLReporter -->
<testsuite hostname="Lab3" ignored="0" name="test" tests="1" failures="0" timestamp="08 abr 2019 11:24:16 GMT" time="0.079" errors="0">
  <testcase name="@BeforeClass setUpTest" time="0.035" classname="testingauto.Tests">
    <failure type="org.apache.poi.EmptyFileException" message="The supplied file was empty (zero bytes long)">
      <![CDATA[org.apache.poi.EmptyFileException: The supplied file was empty (zero bytes long)
at org.apache.poi.poifs.filesystem.NPOIFSFileSystem.<init>(NPOIFSFileSystem.java:217)
at org.apache.poi.poifs.filesystem.NPOIFSFileSystem.<init>(NPOIFSFileSystem.java:167)
at org.apache.poi.ss.usermodel.WorkbookFactory.create(WorkbookFactory.java:254)
at org.apache.poi.ss.usermodel.WorkbookFactory.create(WorkbookFactory.java:226)
at org.apache.poi.ss.usermodel.WorkbookFactory.create(WorkbookFactory.java:205)
at data.Data.<init>(Data.java:34)
at testingauto.Tests.setUpTest(Tests.java:74)
at java.util.concurrent.ThreadPoolExecutor.runWorker(ThreadPoolExecutor.java:1149)
at java.util.concurrent.ThreadPoolExecutor$Worker.run(ThreadPoolExecutor.java:624)
at java.lang.Thread.run(Thread.java:748)
... Removed 11 stack frames]]>
    </failure>
  </testcase> <!-- @BeforeClass setUpTest -->
  <testcase name="@BeforeMethod runTest" time="0.0" classname="testingauto.Tests">
    <skipped/>
  </testcase> <!-- @BeforeMethod runTest -->
  <testcase name="@AfterMethod tearDown" time="0.0" classname="testingauto.Tests">
    <skipped/>
  </testcase> <!-- @AfterMethod tearDown -->
  <testcase name="reserveDefaultFlightTest" time="0.0" classname="testingauto.Tests">
    <skipped/>
  </testcase> <!-- reserveDefaultFlightTest -->
</testsuite> <!-- test -->
