<?xml version="1.0" encoding="UTF-8"?>
<testng-results skipped="0" failed="0" ignored="0" total="2" passed="2">
  <reporter-output>
  </reporter-output>
  <suite name="Default suite" duration-ms="72175" started-at="2019-04-05T11:50:52Z" finished-at="2019-04-05T11:52:04Z">
    <groups>
    </groups>
    <test name="Default test" duration-ms="72175" started-at="2019-04-05T11:50:52Z" finished-at="2019-04-05T11:52:04Z">
      <class name="testingauto.Tests">
        <test-method status="PASS" signature="setUp()[pri:0, instance:testingauto.Tests@6d4b1c02]" name="setUp" is-config="true" duration-ms="17381" started-at="2019-04-05T11:50:52Z" finished-at="2019-04-05T11:51:09Z">
          <reporter-output>
          </reporter-output>
        </test-method> <!-- setUp -->
        <test-method status="PASS" signature="compareTwoFlights()[pri:0, instance:testingauto.Tests@6d4b1c02]" name="compareTwoFlights" duration-ms="13544" started-at="2019-04-05T11:51:09Z" finished-at="2019-04-05T11:51:23Z">
          <reporter-output>
          </reporter-output>
        </test-method> <!-- compareTwoFlights -->
        <test-method status="PASS" signature="tearDown(org.testng.ITestResult)[pri:0, instance:testingauto.Tests@6d4b1c02]" name="tearDown" is-config="true" duration-ms="615" started-at="2019-04-05T11:51:23Z" finished-at="2019-04-05T11:51:24Z">
          <params>
            <param index="0">
              <value>
                <![CDATA[[TestResult name=compareTwoFlights status=SUCCESS method=Tests.compareTwoFlights()[pri:0, instance:testingauto.Tests@6d4b1c02] output={null}]]]>
              </value>
            </param>
          </params>
          <reporter-output>
          </reporter-output>
        </test-method> <!-- tearDown -->
        <test-method status="PASS" signature="setUp()[pri:0, instance:testingauto.Tests@6d4b1c02]" name="setUp" is-config="true" duration-ms="5588" started-at="2019-04-05T11:51:24Z" finished-at="2019-04-05T11:51:29Z">
          <reporter-output>
          </reporter-output>
        </test-method> <!-- setUp -->
        <test-method status="PASS" signature="reserveDefaultFlight()[pri:0, instance:testingauto.Tests@6d4b1c02]" name="reserveDefaultFlight" duration-ms="34397" started-at="2019-04-05T11:51:29Z" finished-at="2019-04-05T11:52:04Z">
          <reporter-output>
          </reporter-output>
        </test-method> <!-- reserveDefaultFlight -->
        <test-method status="PASS" signature="tearDown(org.testng.ITestResult)[pri:0, instance:testingauto.Tests@6d4b1c02]" name="tearDown" is-config="true" duration-ms="573" started-at="2019-04-05T11:52:04Z" finished-at="2019-04-05T11:52:04Z">
          <params>
            <param index="0">
              <value>
                <![CDATA[[TestResult name=reserveDefaultFlight status=SUCCESS method=Tests.reserveDefaultFlight()[pri:0, instance:testingauto.Tests@6d4b1c02] output={null}]]]>
              </value>
            </param>
          </params>
          <reporter-output>
          </reporter-output>
        </test-method> <!-- tearDown -->
      </class> <!-- testingauto.Tests -->
    </test> <!-- Default test -->
  </suite> <!-- Default suite -->
</testng-results>
